{"level":"info","message":"auth.service.js:::2018-10-10T14:16:39+07:00::: LOGIN_SUCCESS"}
{"level":"info","message":"auth.service.js:::2018-10-17T13:50:35+07:00::: LOGIN_SUCCESS"}
{"level":"info","message":"user.service.js:::2018-10-25T20:08:37+07:00::: USER_CREATE"}
{"level":"info","message":"user.service.js:::2018-10-25T20:11:13+07:00::: USER_CREATE"}
{"level":"info","message":"user.service.js:::2018-10-25T20:13:59+07:00::: USER_CREATE"}
{"level":"info","message":"auth.service.js:::2018-10-25T20:40:18+07:00::: LOGIN_SUCCESS"}
{"level":"info","message":"user.service.js:::2018-10-25T20:45:02+07:00::: USER_CREATE"}
{"level":"info","message":"auth.service.js:::2018-10-25T20:45:11+07:00::: LOGIN_SUCCESS"}
{"level":"info","message":"auth.service.js:::2018-10-25T21:26:52+07:00::: LOGIN_SUCCESS"}
{"level":"error","message":"user.service.js:::2018-11-26T16:38:40+07:00:::404:::EMAIL_ERROR"}
{"level":"info","message":"user.service.js:::2018-11-26T16:43:03+07:00::: USER_CREATE"}
{"level":"info","message":"auth.service.js:::2018-11-26T16:44:03+07:00::: LOGIN_SUCCESS"}
{"level":"info","message":"auth.service.js:::2018-11-27T08:37:56+07:00::: LOGIN_SUCCESS"}
{"level":"info","message":"auth.service.js:::2018-11-27T09:03:21+07:00::: LOGIN_SUCCESS"}
{"level":"info","message":"auth.service.js:::2018-11-27T09:05:09+07:00::: LOGIN_SUCCESS"}
{"level":"info","message":"auth.service.js:::2018-11-27T13:25:40+07:00::: LOGIN_SUCCESS"}
{"level":"error","message":"auth.service.js:::2018-11-27T13:39:33+07:00:::404:::EMAIL_NOT_FOUND"}
{"level":"info","message":"auth.service.js:::2018-11-27T13:39:43+07:00::: LOGIN_SUCCESS"}
{"level":"info","message":"auth.service.js:::2018-11-27T13:40:00+07:00::: LOGIN_SUCCESS"}
{"level":"info","message":"auth.service.js:::2018-11-27T13:40:06+07:00::: LOGIN_SUCCESS"}
{"level":"error","message":"auth.service.js:::2018-11-27T13:40:29+07:00:::404:::EMAIL_NOT_FOUND"}
{"level":"info","message":"auth.service.js:::2018-11-27T13:40:55+07:00::: LOGIN_SUCCESS"}
{"level":"info","message":"auth.service.js:::2018-11-27T13:41:41+07:00::: LOGIN_SUCCESS"}
{"level":"info","message":"auth.service.js:::2018-11-27T13:42:51+07:00::: LOGIN_SUCCESS"}
{"level":"info","message":"auth.service.js:::2018-11-27T13:43:52+07:00::: LOGIN_SUCCESS"}
{"level":"info","message":"auth.service.js:::2018-11-27T13:44:59+07:00::: LOGIN_SUCCESS"}
{"level":"info","message":"auth.service.js:::2018-11-27T13:45:09+07:00::: LOGIN_SUCCESS"}
{"level":"info","message":"auth.service.js:::2018-11-27T13:45:15+07:00::: LOGIN_SUCCESS"}
{"level":"info","message":"auth.service.js:::2018-11-27T13:45:28+07:00::: LOGIN_SUCCESS"}
{"level":"info","message":"auth.service.js:::2018-11-27T13:54:26+07:00::: LOGIN_SUCCESS"}
{"level":"error","message":"auth.service.js:::2018-11-27T13:59:42+07:00:::404:::EMAIL_NOT_FOUND"}
{"level":"error","message":"auth.service.js:::2018-11-27T14:09:58+07:00:::404:::EMAIL_NOT_FOUND"}
{"level":"info","message":"auth.service.js:::2018-11-27T14:10:54+07:00::: LOGIN_SUCCESS"}
{"level":"info","message":"auth.service.js:::2018-11-27T14:11:36+07:00::: LOGIN_SUCCESS"}
{"level":"info","message":"auth.service.js:::2018-11-27T14:13:26+07:00::: LOGIN_SUCCESS"}
{"level":"info","message":"auth.service.js:::2018-11-27T14:16:37+07:00::: LOGIN_SUCCESS"}
{"level":"info","message":"auth.service.js:::2018-11-27T14:17:27+07:00::: LOGIN_SUCCESS"}
{"level":"info","message":"auth.service.js:::2018-11-27T14:20:48+07:00::: LOGIN_SUCCESS"}
{"level":"error","message":"auth.service.js:::2018-11-27T14:23:17+07:00:::400:::PASS_WRONG"}
{"level":"info","message":"auth.service.js:::2018-11-27T14:26:47+07:00::: LOGIN_SUCCESS"}
{"level":"info","message":"auth.service.js:::2018-11-27T14:35:18+07:00::: LOGIN_SUCCESS"}
{"level":"info","message":"auth.service.js:::2018-11-27T14:39:28+07:00::: LOGIN_SUCCESS"}
{"level":"info","message":"auth.service.js:::2018-11-27T15:07:36+07:00::: LOGIN_SUCCESS"}
{"level":"info","message":"auth.service.js:::2018-11-27T16:12:26+07:00::: LOGIN_SUCCESS"}
{"level":"info","message":"auth.service.js:::2018-11-27T16:27:01+07:00::: LOGIN_SUCCESS"}
{"level":"info","message":"auth.service.js:::2018-11-27T16:29:40+07:00::: LOGIN_SUCCESS"}
{"level":"info","message":"auth.service.js:::2018-11-27T16:30:04+07:00::: LOGIN_SUCCESS"}
{"level":"info","message":"auth.service.js:::2018-11-27T16:30:12+07:00::: LOGIN_SUCCESS"}
{"level":"info","message":"auth.service.js:::2018-11-27T16:31:06+07:00::: LOGIN_SUCCESS"}
{"level":"info","message":"auth.service.js:::2018-11-27T16:32:11+07:00::: LOGIN_SUCCESS"}
{"level":"info","message":"auth.service.js:::2018-11-27T16:32:18+07:00::: LOGIN_SUCCESS"}
{"level":"error","message":"auth.service.js:::2018-11-27T16:37:15+07:00:::404:::EMAIL_NOT_FOUND"}
{"level":"info","message":"auth.service.js:::2018-11-27T16:37:30+07:00::: LOGIN_SUCCESS"}
{"level":"error","message":"auth.service.js:::2018-11-27T16:39:29+07:00:::404:::EMAIL_NOT_FOUND"}
{"level":"error","message":"auth.service.js:::2018-11-27T16:39:32+07:00:::404:::EMAIL_NOT_FOUND"}
{"level":"error","message":"auth.service.js:::2018-11-27T16:39:33+07:00:::404:::EMAIL_NOT_FOUND"}
{"level":"error","message":"auth.service.js:::2018-11-27T16:39:35+07:00:::404:::EMAIL_NOT_FOUND"}
{"level":"error","message":"auth.service.js:::2018-11-27T16:39:36+07:00:::404:::EMAIL_NOT_FOUND"}
{"level":"info","message":"auth.service.js:::2018-11-27T16:39:46+07:00::: LOGIN_SUCCESS"}
{"level":"info","message":"auth.service.js:::2018-11-27T16:46:40+07:00::: LOGIN_SUCCESS"}
{"level":"info","message":"auth.service.js:::2018-11-27T16:47:08+07:00::: LOGIN_SUCCESS"}
{"level":"info","message":"auth.service.js:::2018-11-27T16:47:39+07:00::: LOGIN_SUCCESS"}
{"level":"info","message":"auth.service.js:::2018-11-27T16:53:10+07:00::: LOGIN_SUCCESS"}
{"level":"info","message":"auth.service.js:::2018-11-27T16:54:16+07:00::: LOGIN_SUCCESS"}
{"level":"info","message":"auth.service.js:::2018-11-27T16:55:11+07:00::: LOGIN_SUCCESS"}
{"level":"info","message":"auth.service.js:::2018-11-27T16:56:09+07:00::: LOGIN_SUCCESS"}
{"level":"info","message":"auth.service.js:::2018-11-27T16:57:51+07:00::: LOGIN_SUCCESS"}
{"level":"error","message":"auth.service.js:::2018-11-27T16:58:34+07:00:::404:::EMAIL_NOT_FOUND"}
{"level":"error","message":"auth.service.js:::2018-11-27T16:58:38+07:00:::404:::EMAIL_NOT_FOUND"}
{"level":"info","message":"auth.service.js:::2018-11-27T16:58:52+07:00::: LOGIN_SUCCESS"}
{"level":"info","message":"auth.service.js:::2018-11-27T17:00:42+07:00::: LOGIN_SUCCESS"}
{"level":"info","message":"auth.service.js:::2018-11-27T17:04:01+07:00::: LOGIN_SUCCESS"}
{"level":"info","message":"auth.service.js:::2018-11-27T17:06:26+07:00::: LOGIN_SUCCESS"}
{"level":"info","message":"auth.service.js:::2018-11-27T17:08:17+07:00::: LOGIN_SUCCESS"}
{"level":"info","message":"auth.service.js:::2018-11-28T08:18:40+07:00::: LOGIN_SUCCESS"}
{"level":"info","message":"auth.service.js:::2018-11-28T08:38:37+07:00::: LOGIN_SUCCESS"}
{"level":"info","message":"auth.service.js:::2018-11-28T08:39:17+07:00::: LOGIN_SUCCESS"}
{"level":"info","message":"auth.service.js:::2018-11-28T08:39:33+07:00::: LOGIN_SUCCESS"}
{"level":"info","message":"auth.service.js:::2018-11-28T08:41:21+07:00::: LOGIN_SUCCESS"}
{"level":"info","message":"auth.service.js:::2018-11-28T08:41:54+07:00::: LOGIN_SUCCESS"}
{"level":"info","message":"auth.service.js:::2018-11-28T08:50:05+07:00::: LOGIN_SUCCESS"}
{"level":"info","message":"auth.service.js:::2018-11-28T08:50:19+07:00::: LOGIN_SUCCESS"}
{"level":"info","message":"auth.service.js:::2018-11-28T08:53:01+07:00::: LOGIN_SUCCESS"}
{"level":"info","message":"auth.service.js:::2018-11-28T08:53:10+07:00::: LOGIN_SUCCESS"}
{"level":"info","message":"auth.service.js:::2018-11-28T08:53:24+07:00::: LOGIN_SUCCESS"}
{"level":"error","message":"auth.service.js:::2018-11-28T08:53:50+07:00:::404:::EMAIL_NOT_FOUND"}
{"level":"info","message":"auth.service.js:::2018-11-28T08:54:01+07:00::: LOGIN_SUCCESS"}
{"level":"info","message":"auth.service.js:::2018-11-28T08:54:20+07:00::: LOGIN_SUCCESS"}
{"level":"info","message":"auth.service.js:::2018-11-28T08:57:40+07:00::: LOGIN_SUCCESS"}
{"level":"info","message":"auth.service.js:::2018-11-28T09:00:01+07:00::: LOGIN_SUCCESS"}
{"level":"info","message":"auth.service.js:::2018-11-28T09:02:34+07:00::: LOGIN_SUCCESS"}
{"level":"info","message":"auth.service.js:::2018-11-28T09:03:28+07:00::: LOGIN_SUCCESS"}
{"level":"error","message":"auth.service.js:::2018-11-28T09:03:39+07:00:::404:::EMAIL_NOT_FOUND"}
{"level":"info","message":"auth.service.js:::2018-11-28T09:03:47+07:00::: LOGIN_SUCCESS"}
{"level":"info","message":"auth.service.js:::2018-11-28T09:10:26+07:00::: LOGIN_SUCCESS"}
{"level":"info","message":"auth.service.js:::2018-11-28T09:11:34+07:00::: LOGIN_SUCCESS"}
{"level":"info","message":"auth.service.js:::2018-11-28T09:16:34+07:00::: LOGIN_SUCCESS"}
{"level":"info","message":"auth.service.js:::2018-11-28T09:17:28+07:00::: LOGIN_SUCCESS"}
{"level":"info","message":"auth.service.js:::2018-11-28T09:36:26+07:00::: LOGIN_SUCCESS"}
{"level":"error","message":"auth.service.js:::2018-11-28T09:38:17+07:00:::400:::PASS_WRONG"}
{"level":"info","message":"auth.service.js:::2018-11-28T09:39:03+07:00::: LOGIN_SUCCESS"}
{"level":"info","message":"auth.service.js:::2018-11-28T09:41:12+07:00::: LOGIN_SUCCESS"}
{"level":"info","message":"auth.service.js:::2018-11-28T09:42:09+07:00::: LOGIN_SUCCESS"}
{"level":"info","message":"auth.service.js:::2018-11-28T09:43:36+07:00::: LOGIN_SUCCESS"}
{"level":"info","message":"auth.service.js:::2018-11-28T09:44:51+07:00::: LOGIN_SUCCESS"}
{"level":"info","message":"auth.service.js:::2018-11-28T09:45:04+07:00::: LOGIN_SUCCESS"}
{"level":"info","message":"auth.service.js:::2018-11-28T09:45:10+07:00::: LOGIN_SUCCESS"}
{"level":"info","message":"auth.service.js:::2018-11-28T09:45:16+07:00::: LOGIN_SUCCESS"}
{"level":"info","message":"auth.service.js:::2018-11-28T09:45:21+07:00::: LOGIN_SUCCESS"}
{"level":"info","message":"auth.service.js:::2018-11-28T09:45:55+07:00::: LOGIN_SUCCESS"}
{"level":"info","message":"auth.service.js:::2018-11-28T09:46:43+07:00::: LOGIN_SUCCESS"}
{"level":"info","message":"auth.service.js:::2018-11-28T09:46:52+07:00::: LOGIN_SUCCESS"}
{"level":"info","message":"auth.service.js:::2018-11-28T09:47:39+07:00::: LOGIN_SUCCESS"}
{"level":"info","message":"auth.service.js:::2018-11-28T09:47:46+07:00::: LOGIN_SUCCESS"}
{"level":"info","message":"auth.service.js:::2018-11-28T09:48:11+07:00::: LOGIN_SUCCESS"}
{"level":"info","message":"auth.service.js:::2018-11-28T09:48:17+07:00::: LOGIN_SUCCESS"}
{"level":"info","message":"auth.service.js:::2018-11-28T09:48:25+07:00::: LOGIN_SUCCESS"}
{"level":"info","message":"auth.service.js:::2018-11-28T09:48:34+07:00::: LOGIN_SUCCESS"}
{"level":"info","message":"auth.service.js:::2018-11-28T09:54:37+07:00::: LOGIN_SUCCESS"}
{"level":"info","message":"auth.service.js:::2018-11-28T09:58:25+07:00::: LOGIN_SUCCESS"}
{"level":"info","message":"auth.service.js:::2018-11-28T09:58:32+07:00::: LOGIN_SUCCESS"}
{"level":"info","message":"auth.service.js:::2018-11-28T09:59:45+07:00::: LOGIN_SUCCESS"}
{"level":"error","message":"auth.service.js:::2018-11-28T09:59:54+07:00:::400:::PASS_WRONG"}
{"level":"error","message":"auth.service.js:::2018-11-28T09:59:58+07:00:::400:::PASS_WRONG"}
{"level":"error","message":"auth.service.js:::2018-11-28T10:00:00+07:00:::404:::EMAIL_NOT_FOUND"}
{"level":"info","message":"auth.service.js:::2018-11-28T10:03:22+07:00::: LOGIN_SUCCESS"}
{"level":"info","message":"auth.service.js:::2018-11-28T10:03:51+07:00::: LOGIN_SUCCESS"}
{"level":"info","message":"auth.service.js:::2018-11-28T10:03:57+07:00::: LOGIN_SUCCESS"}
{"level":"info","message":"auth.service.js:::2018-11-28T10:04:58+07:00::: LOGIN_SUCCESS"}
{"level":"info","message":"auth.service.js:::2018-11-28T10:04:58+07:00::: LOGIN_SUCCESS"}
{"level":"error","message":"auth.service.js:::2018-11-28T10:05:07+07:00:::400:::PASS_WRONG"}
{"level":"info","message":"auth.service.js:::2018-11-28T10:05:11+07:00::: LOGIN_SUCCESS"}
{"level":"info","message":"auth.service.js:::2018-11-28T10:05:23+07:00::: LOGIN_SUCCESS"}
{"level":"info","message":"auth.service.js:::2018-11-28T10:06:21+07:00::: LOGIN_SUCCESS"}
{"level":"info","message":"auth.service.js:::2018-11-28T10:17:47+07:00::: LOGIN_SUCCESS"}
{"level":"info","message":"auth.service.js:::2018-11-28T10:19:15+07:00::: LOGIN_SUCCESS"}
{"level":"error","message":"auth.service.js:::2018-11-28T10:20:25+07:00:::404:::EMAIL_NOT_FOUND"}
{"level":"info","message":"auth.service.js:::2018-11-28T10:21:38+07:00::: LOGIN_SUCCESS"}
{"level":"info","message":"auth.service.js:::2018-11-28T10:21:38+07:00::: LOGIN_SUCCESS"}
{"level":"info","message":"auth.service.js:::2018-11-28T10:27:05+07:00::: LOGIN_SUCCESS"}
{"level":"info","message":"auth.service.js:::2018-11-28T10:47:32+07:00::: LOGIN_SUCCESS"}
{"level":"info","message":"auth.service.js:::2018-11-28T10:48:46+07:00::: LOGIN_SUCCESS"}
{"level":"info","message":"auth.service.js:::2018-11-28T10:50:33+07:00::: LOGIN_SUCCESS"}
{"level":"info","message":"auth.service.js:::2018-11-28T10:50:44+07:00::: LOGIN_SUCCESS"}
{"level":"info","message":"auth.service.js:::2018-11-28T10:51:06+07:00::: LOGIN_SUCCESS"}
{"level":"info","message":"auth.service.js:::2018-11-28T10:52:30+07:00::: LOGIN_SUCCESS"}
{"level":"info","message":"auth.service.js:::2018-11-28T10:53:21+07:00::: LOGIN_SUCCESS"}
{"level":"info","message":"auth.service.js:::2018-11-28T10:54:22+07:00::: LOGIN_SUCCESS"}
{"level":"info","message":"auth.service.js:::2018-11-28T10:57:45+07:00::: LOGIN_SUCCESS"}
{"level":"info","message":"auth.service.js:::2018-11-28T10:59:29+07:00::: LOGIN_SUCCESS"}
{"level":"info","message":"auth.service.js:::2018-11-28T12:14:51+07:00::: LOGIN_SUCCESS"}
{"level":"info","message":"auth.service.js:::2018-11-28T13:08:59+07:00::: LOGIN_SUCCESS"}
{"level":"info","message":"auth.service.js:::2018-11-28T13:13:55+07:00::: LOGIN_SUCCESS"}
{"level":"info","message":"user.service.js:::2018-11-28T13:19:43+07:00::: USER_CREATE"}
{"level":"info","message":"auth.service.js:::2018-11-28T13:20:07+07:00::: LOGIN_SUCCESS"}
{"level":"info","message":"auth.service.js:::2018-11-28T13:20:24+07:00::: LOGIN_SUCCESS"}
{"level":"error","message":"auth.service.js:::2018-11-28T13:25:23+07:00:::404:::EMAIL_NOT_FOUND"}
{"level":"info","message":"auth.service.js:::2018-11-28T13:25:52+07:00::: LOGIN_SUCCESS"}
{"level":"info","message":"auth.service.js:::2018-11-28T13:29:25+07:00::: LOGIN_SUCCESS"}
{"level":"info","message":"auth.service.js:::2018-11-28T13:32:49+07:00::: LOGIN_SUCCESS"}
{"level":"info","message":"auth.service.js:::2018-11-28T13:37:38+07:00::: LOGIN_SUCCESS"}
{"level":"info","message":"auth.service.js:::2018-11-28T13:42:19+07:00::: LOGIN_SUCCESS"}
{"level":"info","message":"auth.service.js:::2018-11-28T13:47:35+07:00::: LOGIN_SUCCESS"}
{"level":"info","message":"auth.service.js:::2018-11-28T13:52:37+07:00::: LOGIN_SUCCESS"}
{"level":"info","message":"auth.service.js:::2018-11-28T13:56:31+07:00::: LOGIN_SUCCESS"}
{"level":"info","message":"auth.service.js:::2018-11-28T13:56:42+07:00::: LOGIN_SUCCESS"}
{"level":"info","message":"auth.service.js:::2018-11-28T14:31:12+07:00::: LOGIN_SUCCESS"}
{"level":"info","message":"auth.service.js:::2018-11-28T14:36:22+07:00::: LOGIN_SUCCESS"}
{"level":"info","message":"auth.service.js:::2018-11-28T15:13:38+07:00::: LOGIN_SUCCESS"}
{"level":"info","message":"auth.service.js:::2018-11-28T15:15:14+07:00::: LOGIN_SUCCESS"}
{"level":"info","message":"auth.service.js:::2018-11-28T15:24:21+07:00::: LOGIN_SUCCESS"}
{"level":"info","message":"auth.service.js:::2018-11-28T15:25:57+07:00::: LOGIN_SUCCESS"}
{"level":"info","message":"auth.service.js:::2018-11-28T15:42:17+07:00::: LOGIN_SUCCESS"}
{"level":"info","message":"auth.service.js:::2018-11-28T15:43:07+07:00::: LOGIN_SUCCESS"}
{"level":"info","message":"auth.service.js:::2018-11-29T08:13:26+07:00::: LOGIN_SUCCESS"}
{"level":"info","message":"auth.service.js:::2018-11-29T08:16:09+07:00::: LOGIN_SUCCESS"}
{"level":"error","message":"auth.service.js:::2018-11-29T09:26:52+07:00:::404:::EMAIL_NOT_FOUND"}
{"level":"error","message":"auth.service.js:::2018-11-29T09:26:59+07:00:::404:::EMAIL_NOT_FOUND"}
{"level":"error","message":"auth.service.js:::2018-11-29T09:27:08+07:00:::404:::EMAIL_NOT_FOUND"}
{"level":"error","message":"auth.service.js:::2018-11-29T09:27:13+07:00:::404:::EMAIL_NOT_FOUND"}
{"level":"error","message":"auth.service.js:::2018-11-29T09:28:25+07:00:::404:::EMAIL_NOT_FOUND"}
{"level":"error","message":"auth.service.js:::2018-11-29T09:28:46+07:00:::404:::EMAIL_NOT_FOUND"}
{"level":"error","message":"auth.service.js:::2018-11-29T09:28:54+07:00:::404:::EMAIL_NOT_FOUND"}
{"level":"error","message":"auth.service.js:::2018-11-29T09:28:54+07:00:::404:::EMAIL_NOT_FOUND"}
{"level":"info","message":"auth.service.js:::2018-11-29T09:29:51+07:00::: LOGIN_SUCCESS"}
{"level":"info","message":"auth.service.js:::2018-11-29T09:59:06+07:00::: LOGIN_SUCCESS"}
{"level":"info","message":"auth.service.js:::2018-11-29T10:03:32+07:00::: LOGIN_SUCCESS"}
{"level":"info","message":"auth.service.js:::2018-11-29T10:12:14+07:00::: LOGIN_SUCCESS"}
{"level":"info","message":"auth.service.js:::2018-11-29T10:28:53+07:00::: LOGIN_SUCCESS"}
{"level":"info","message":"auth.service.js:::2018-11-29T10:28:59+07:00::: LOGIN_SUCCESS"}
{"level":"info","message":"auth.service.js:::2018-11-29T10:29:35+07:00::: LOGIN_SUCCESS"}
{"level":"info","message":"auth.service.js:::2018-11-29T10:45:25+07:00::: LOGIN_SUCCESS"}
{"level":"info","message":"auth.service.js:::2018-11-29T10:45:51+07:00::: LOGIN_SUCCESS"}
{"level":"info","message":"auth.service.js:::2018-11-29T10:45:59+07:00::: LOGIN_SUCCESS"}
{"level":"info","message":"auth.service.js:::2018-11-29T10:46:23+07:00::: LOGIN_SUCCESS"}
{"level":"info","message":"auth.service.js:::2018-11-29T10:46:29+07:00::: LOGIN_SUCCESS"}
{"level":"info","message":"auth.service.js:::2018-11-29T10:47:49+07:00::: LOGIN_SUCCESS"}
{"level":"info","message":"auth.service.js:::2018-11-29T10:47:59+07:00::: LOGIN_SUCCESS"}
{"level":"info","message":"auth.service.js:::2018-11-29T10:48:42+07:00::: LOGIN_SUCCESS"}
{"level":"info","message":"auth.service.js:::2018-11-29T10:48:48+07:00::: LOGIN_SUCCESS"}
{"level":"error","message":"auth.service.js:::2018-11-29T10:48:52+07:00:::400:::PASS_WRONG"}
{"level":"info","message":"auth.service.js:::2018-11-29T10:49:50+07:00::: LOGIN_SUCCESS"}
{"level":"error","message":"auth.service.js:::2018-11-29T10:50:01+07:00:::400:::PASS_WRONG"}
{"level":"info","message":"auth.service.js:::2018-11-29T10:50:27+07:00::: LOGIN_SUCCESS"}
{"level":"error","message":"auth.service.js:::2018-11-29T10:54:40+07:00:::404:::EMAIL_NOT_FOUND"}
{"level":"info","message":"auth.service.js:::2018-11-29T10:55:00+07:00::: LOGIN_SUCCESS"}
{"level":"info","message":"auth.service.js:::2018-11-29T10:55:17+07:00::: LOGIN_SUCCESS"}
{"level":"error","message":"auth.service.js:::2018-11-29T10:55:24+07:00:::400:::PASS_WRONG"}
{"level":"info","message":"auth.service.js:::2018-11-29T10:57:07+07:00::: LOGIN_SUCCESS"}
{"level":"info","message":"auth.service.js:::2018-11-29T11:12:36+07:00::: LOGIN_SUCCESS"}
{"level":"error","message":"auth.service.js:::2018-11-29T11:12:47+07:00:::400:::PASS_WRONG"}
{"level":"error","message":"auth.service.js:::2018-11-29T13:11:15+07:00:::400:::PASS_WRONG"}
{"level":"error","message":"auth.service.js:::2018-11-29T13:16:51+07:00:::400:::PASS_WRONG"}
{"level":"info","message":"auth.service.js:::2018-11-29T13:17:00+07:00::: LOGIN_SUCCESS"}
{"level":"info","message":"auth.service.js:::2018-11-29T13:17:08+07:00::: LOGIN_SUCCESS"}
{"level":"info","message":"auth.service.js:::2018-11-29T13:17:15+07:00::: LOGIN_SUCCESS"}
{"level":"info","message":"auth.service.js:::2018-11-29T13:18:40+07:00::: LOGIN_SUCCESS"}
{"level":"info","message":"auth.service.js:::2018-11-29T13:25:33+07:00::: LOGIN_SUCCESS"}
{"level":"info","message":"auth.service.js:::2018-11-29T13:25:39+07:00::: LOGIN_SUCCESS"}
{"level":"info","message":"auth.service.js:::2018-11-29T13:25:47+07:00::: LOGIN_SUCCESS"}
{"level":"info","message":"auth.service.js:::2018-11-29T13:30:37+07:00::: LOGIN_SUCCESS"}
{"level":"info","message":"auth.service.js:::2018-11-29T13:32:32+07:00::: LOGIN_SUCCESS"}
{"level":"info","message":"auth.service.js:::2018-11-29T13:32:40+07:00::: LOGIN_SUCCESS"}
{"level":"info","message":"auth.service.js:::2018-11-29T13:34:13+07:00::: LOGIN_SUCCESS"}
{"level":"error","message":"auth.service.js:::2018-11-29T13:34:20+07:00:::400:::PASS_WRONG"}
{"level":"error","message":"auth.service.js:::2018-11-29T13:34:35+07:00:::400:::PASS_WRONG"}
{"level":"error","message":"auth.service.js:::2018-11-29T13:34:53+07:00:::400:::PASS_WRONG"}
{"level":"error","message":"auth.service.js:::2018-11-29T13:35:00+07:00:::400:::PASS_WRONG"}
{"level":"error","message":"auth.service.js:::2018-11-29T13:35:12+07:00:::400:::PASS_WRONG"}
{"level":"error","message":"auth.service.js:::2018-11-29T13:35:26+07:00:::400:::PASS_WRONG"}
{"level":"error","message":"auth.service.js:::2018-11-29T13:35:30+07:00:::400:::PASS_WRONG"}
{"level":"error","message":"auth.service.js:::2018-11-29T13:35:38+07:00:::400:::PASS_WRONG"}
{"level":"error","message":"auth.service.js:::2018-11-29T13:35:42+07:00:::400:::PASS_WRONG"}
{"level":"error","message":"auth.service.js:::2018-11-29T13:35:45+07:00:::400:::PASS_WRONG"}
{"level":"error","message":"auth.service.js:::2018-11-29T13:36:52+07:00:::400:::PASS_WRONG"}
{"level":"error","message":"auth.service.js:::2018-11-29T13:36:55+07:00:::400:::PASS_WRONG"}
{"level":"error","message":"auth.service.js:::2018-11-29T13:38:05+07:00:::400:::PASS_WRONG"}
{"level":"info","message":"auth.service.js:::2018-11-29T13:39:22+07:00::: LOGIN_SUCCESS"}
{"level":"info","message":"auth.service.js:::2018-11-29T13:50:06+07:00::: LOGIN_SUCCESS"}
{"level":"info","message":"auth.service.js:::2018-11-29T13:50:55+07:00::: LOGIN_SUCCESS"}
{"level":"info","message":"auth.service.js:::2018-11-29T14:30:14+07:00::: LOGIN_SUCCESS"}
{"level":"info","message":"auth.service.js:::2018-11-29T15:03:13+07:00::: LOGIN_SUCCESS"}
{"level":"info","message":"auth.service.js:::2018-11-29T15:03:19+07:00::: LOGIN_SUCCESS"}
{"level":"error","message":"auth.service.js:::2018-11-29T15:03:28+07:00:::400:::PASS_WRONG"}
{"level":"error","message":"auth.service.js:::2018-11-29T15:03:33+07:00:::400:::PASS_WRONG"}
{"level":"error","message":"auth.service.js:::2018-11-29T15:03:35+07:00:::400:::PASS_WRONG"}
{"level":"error","message":"auth.service.js:::2018-11-29T15:24:18+07:00:::400:::PASS_WRONG"}
{"level":"info","message":"auth.service.js:::2018-11-29T15:27:13+07:00::: LOGIN_SUCCESS"}
{"level":"info","message":"auth.service.js:::2018-11-29T15:30:53+07:00::: LOGIN_SUCCESS"}
{"level":"info","message":"auth.service.js:::2018-11-29T16:01:50+07:00::: LOGIN_SUCCESS"}
{"level":"info","message":"auth.service.js:::2018-11-29T16:49:41+07:00::: LOGIN_SUCCESS"}
{"level":"info","message":"auth.service.js:::2018-11-29T16:49:48+07:00::: LOGIN_SUCCESS"}
{"level":"info","message":"auth.service.js:::2018-11-29T16:49:54+07:00::: LOGIN_SUCCESS"}
{"level":"info","message":"auth.service.js:::2018-11-29T16:50:13+07:00::: LOGIN_SUCCESS"}
{"level":"error","message":"auth.service.js:::2018-11-29T16:50:23+07:00:::400:::PASS_WRONG"}
{"level":"error","message":"auth.service.js:::2018-11-29T16:50:26+07:00:::400:::PASS_WRONG"}
{"level":"error","message":"auth.service.js:::2018-11-29T16:50:29+07:00:::400:::PASS_WRONG"}
{"level":"error","message":"auth.service.js:::2018-11-29T16:50:32+07:00:::400:::PASS_WRONG"}
{"level":"error","message":"auth.service.js:::2018-11-29T16:50:35+07:00:::400:::PASS_WRONG"}
{"level":"error","message":"auth.service.js:::2018-11-29T16:50:38+07:00:::400:::PASS_WRONG"}
{"level":"error","message":"auth.service.js:::2018-11-29T16:50:44+07:00:::400:::PASS_WRONG"}
{"level":"error","message":"auth.service.js:::2018-11-29T16:51:19+07:00:::400:::PASS_WRONG"}
{"level":"error","message":"auth.service.js:::2018-11-29T16:51:33+07:00:::400:::PASS_WRONG"}
{"level":"error","message":"auth.service.js:::2018-11-29T16:52:04+07:00:::400:::PASS_WRONG"}
{"level":"error","message":"auth.service.js:::2018-11-29T16:52:12+07:00:::404:::EMAIL_NOT_FOUND"}
{"level":"error","message":"auth.service.js:::2018-11-29T16:57:19+07:00:::404:::EMAIL_NOT_FOUND"}
{"level":"error","message":"auth.service.js:::2018-11-29T16:57:21+07:00:::404:::EMAIL_NOT_FOUND"}
{"level":"error","message":"auth.service.js:::2018-11-29T16:57:23+07:00:::404:::EMAIL_NOT_FOUND"}
{"level":"info","message":"auth.service.js:::2018-11-30T13:03:44+07:00::: LOGIN_SUCCESS"}
{"level":"info","message":"auth.service.js:::2018-11-30T13:10:22+07:00::: LOGIN_SUCCESS"}
{"level":"info","message":"auth.service.js:::2018-11-30T13:13:28+07:00::: LOGIN_SUCCESS"}
{"level":"info","message":"auth.service.js:::2018-11-30T13:23:11+07:00::: LOGIN_SUCCESS"}
{"level":"info","message":"auth.service.js:::2018-11-30T13:23:52+07:00::: LOGIN_SUCCESS"}
{"level":"info","message":"auth.service.js:::2018-11-30T13:23:58+07:00::: LOGIN_SUCCESS"}
{"level":"info","message":"auth.service.js:::2018-11-30T13:30:53+07:00::: LOGIN_SUCCESS"}
{"level":"info","message":"auth.service.js:::2018-11-30T13:32:35+07:00::: LOGIN_SUCCESS"}
{"level":"info","message":"auth.service.js:::2018-11-30T13:32:49+07:00::: LOGIN_SUCCESS"}
{"level":"error","message":"auth.service.js:::2018-11-30T13:33:50+07:00:::404:::EMAIL_NOT_FOUND"}
{"level":"error","message":"auth.service.js:::2018-11-30T13:34:05+07:00:::400:::PASS_WRONG"}
{"level":"error","message":"auth.service.js:::2018-11-30T13:34:18+07:00:::400:::PASS_WRONG"}
{"level":"info","message":"auth.service.js:::2018-11-30T13:36:12+07:00::: LOGIN_SUCCESS"}
{"level":"error","message":"auth.service.js:::2018-11-30T13:37:32+07:00:::400:::PASS_WRONG"}
{"level":"error","message":"auth.service.js:::2018-11-30T13:37:56+07:00:::400:::PASS_WRONG"}
{"level":"error","message":"auth.service.js:::2018-11-30T13:38:01+07:00:::400:::PASS_WRONG"}
{"level":"error","message":"auth.service.js:::2018-11-30T13:38:15+07:00:::400:::PASS_WRONG"}
{"level":"error","message":"auth.service.js:::2018-11-30T13:38:20+07:00:::400:::PASS_WRONG"}
{"level":"info","message":"auth.service.js:::2018-11-30T13:38:23+07:00::: LOGIN_SUCCESS"}
{"level":"info","message":"auth.service.js:::2018-11-30T13:38:34+07:00::: LOGIN_SUCCESS"}
{"level":"info","message":"auth.service.js:::2018-11-30T13:39:51+07:00::: LOGIN_SUCCESS"}
{"level":"error","message":"auth.service.js:::2018-11-30T14:19:36+07:00:::400:::PASS_WRONG"}
{"level":"info","message":"auth.service.js:::2018-11-30T14:19:44+07:00::: LOGIN_SUCCESS"}
{"level":"error","message":"auth.service.js:::2018-11-30T14:20:33+07:00:::400:::PASS_WRONG"}
{"level":"info","message":"auth.service.js:::2018-11-30T14:20:38+07:00::: LOGIN_SUCCESS"}
{"level":"info","message":"auth.service.js:::2018-11-30T14:24:59+07:00::: LOGIN_SUCCESS"}
{"level":"info","message":"auth.service.js:::2018-11-30T14:25:11+07:00::: LOGIN_SUCCESS"}
{"level":"info","message":"auth.service.js:::2018-11-30T14:25:38+07:00::: LOGIN_SUCCESS"}
{"level":"info","message":"auth.service.js:::2018-11-30T14:26:15+07:00::: LOGIN_SUCCESS"}
{"level":"info","message":"auth.service.js:::2018-11-30T14:26:26+07:00::: LOGIN_SUCCESS"}
{"level":"info","message":"auth.service.js:::2018-11-30T14:26:49+07:00::: LOGIN_SUCCESS"}
